<?xml version="1.0" encoding="UTF-8"?>
<!-- Generated by org.testng.reporters.JUnitReportReporter -->
<testsuite skipped="0" hostname="DESKTOP-JVC3DQI" name="com.testcases.Build_iQapturePageTest" tests="1" failures="0" timestamp="19 Jun 2018 07:36:17 GMT" time="33.045" errors="0">
  <testcase name="Delete_Questionnaire_Test" time="33.045" classname="com.testcases.Build_iQapturePageTest"/>
</testsuite> <!-- com.testcases.Build_iQapturePageTest -->
