<?xml version="1.0" encoding="UTF-8"?>
<!-- Generated by org.testng.reporters.JUnitReportReporter -->
<testsuite skipped="0" hostname="DESKTOP-JVC3DQI" name="com.testcases.TrackPageTest" tests="1" failures="0" timestamp="25 Jun 2018 06:12:49 GMT" time="35.969" errors="0">
  <testcase name="Unconditional_Completion_Test" time="35.969" classname="com.testcases.TrackPageTest"/>
</testsuite> <!-- com.testcases.TrackPageTest -->
