<?xml version="1.0" encoding="UTF-8"?>
<!-- Generated by org.testng.reporters.JUnitReportReporter -->
<testsuite skipped="0" hostname="DESKTOP-JVC3DQI" name="com.testcases.Build_ProjectsPageTest" tests="1" failures="0" timestamp="25 Jun 2018 12:38:10 GMT" time="36.502" errors="0">
  <testcase name="Delete_Project_Test" time="36.502" classname="com.testcases.Build_ProjectsPageTest"/>
</testsuite> <!-- com.testcases.Build_ProjectsPageTest -->
