<?xml version="1.0" encoding="UTF-8"?>
<!-- Generated by org.testng.reporters.JUnitReportReporter -->
<testsuite skipped="0" hostname="DESKTOP-JVC3DQI" name="com.testcases.RiskRegisterPageTest" tests="1" failures="0" timestamp="24 May 2018 09:18:29 GMT" time="45.775" errors="0">
  <testcase name="RiskRegister_Verification_Test" time="45.775" classname="com.testcases.RiskRegisterPageTest"/>
</testsuite> <!-- com.testcases.RiskRegisterPageTest -->
