<?xml version="1.0" encoding="UTF-8"?>
<!-- Generated by org.testng.reporters.JUnitReportReporter -->
<testsuite skipped="0" hostname="DESKTOP-JVC3DQI" name="com.testcases.CapturePageTest" tests="1" failures="0" timestamp="18 Apr 2018 04:00:15 GMT" time="39.236" errors="0">
  <testcase name="MultiChoice_QuestionnaireTest" time="39.236" classname="com.testcases.CapturePageTest"/>
</testsuite> <!-- com.testcases.CapturePageTest -->
