<?xml version="1.0" encoding="UTF-8"?>
<!-- Generated by org.testng.reporters.JUnitReportReporter -->
<testsuite skipped="0" hostname="DESKTOP-JVC3DQI" name="com.testcases.CompaniesPageTest" tests="1" failures="0" timestamp="24 May 2018 09:27:04 GMT" time="31.256" errors="0">
  <testcase name="CompaniesPage_Verification_Test" time="31.256" classname="com.testcases.CompaniesPageTest"/>
</testsuite> <!-- com.testcases.CompaniesPageTest -->
