<?xml version="1.0" encoding="UTF-8"?>
<!-- Generated by org.testng.reporters.JUnitReportReporter -->
<testsuite skipped="0" hostname="DESKTOP-JVC3DQI" name="com.testcases.SettingsPageTest" tests="1" failures="0" timestamp="24 May 2018 09:46:01 GMT" time="34.092" errors="0">
  <testcase name="SettingsPage_Verification_Test" time="34.092" classname="com.testcases.SettingsPageTest"/>
</testsuite> <!-- com.testcases.SettingsPageTest -->
