<?xml version="1.0" encoding="UTF-8"?>
<!-- Generated by org.testng.reporters.JUnitReportReporter -->
<testsuite skipped="0" hostname="DESKTOP-JVC3DQI" name="com.testcases.LoginPageTest" tests="2" failures="0" timestamp="24 May 2018 06:17:46 GMT" time="36.915" errors="0">
  <testcase name="LoginPage_TitleTest" time="9.507" classname="com.testcases.LoginPageTest"/>
  <testcase name="LoginTest" time="27.408" classname="com.testcases.LoginPageTest"/>
</testsuite> <!-- com.testcases.LoginPageTest -->
