<?xml version="1.0" encoding="UTF-8"?>
<!-- Generated by org.testng.reporters.JUnitReportReporter -->
<testsuite skipped="0" hostname="DESKTOP-JVC3DQI" name="com.testcases.DashBoardPageTest" tests="1" failures="0" timestamp="24 May 2018 06:52:09 GMT" time="28.398" errors="0">
  <testcase name="Verify_DashBoardPage" time="28.398" classname="com.testcases.DashBoardPageTest"/>
</testsuite> <!-- com.testcases.DashBoardPageTest -->
