<?xml version="1.0" encoding="UTF-8"?>
<!-- Generated by org.testng.reporters.JUnitReportReporter -->
<testsuite skipped="0" hostname="DESKTOP-JVC3DQI" name="com.testcases.Build_TemplatesPageTest" tests="1" failures="0" timestamp="13 Jun 2018 08:58:56 GMT" time="38.748" errors="0">
  <testcase name="Delete_Template_Test" time="38.748" classname="com.testcases.Build_TemplatesPageTest"/>
</testsuite> <!-- com.testcases.Build_TemplatesPageTest -->
